<?xml version="1.0" encoding="UTF-8"?>
<!-- Generated by org.testng.reporters.JUnitReportReporter -->
<testsuite hostname="LAPTOP-CJAG9L0O" failures="0" tests="1" name="LoginPage" time="101.134" errors="0" timestamp="2024-06-20T23:08:28 IST" skipped="0">
  <testcase classname="LoginPage" name="GetURL" time="101.134"/>
</testsuite> <!-- LoginPage -->
