<?xml version="1.0" encoding="UTF-8"?>
<!-- Generated by org.testng.reporters.JUnitReportReporter -->
<testsuite hostname="LAPTOP-CJAG9L0O" failures="0" tests="2" name="Dashboard_All_vehicles_redirection" time="26.743" errors="0" timestamp="2024-07-01T11:17:43 IST" skipped="0">
  <testcase classname="Dashboard_All_vehicles_redirection" name="View_all_vehicle_Redirection" time="2.421"/>
  <testcase classname="Dashboard_All_vehicles_redirection" name="SIGNIN" time="24.322"/>
</testsuite> <!-- Dashboard_All_vehicles_redirection -->
